"../../../../../../GitHub/Astros/Content/Gameplay/Asteroids/AsteroidsInfo.uasset" 0
"../../../Engine/Content/EditorBlueprintResources/StandardMacros.uasset" 1
"../../../Engine/Content/Functions/Engine_MaterialFunctions01/Opacity/CameraDepthFade.uasset" 2
"../../../Engine/Content/EngineMaterials/T_Default_Material_Grid_M.uasset" 3
"../../../Engine/Content/EngineMaterials/T_Default_Material_Grid_N.uasset" 4
"../../../Engine/Content/EngineMaterials/WorldGridMaterial.uasset" 5
"../../../Engine/Content/BasicShapes/Cube.uasset" 6
"../../../../../../GitHub/Astros/Content/Gameplay/Asteroids/BasicAsteroid.uasset" 7
"../../../Engine/Content/EngineMaterials/DefaultMaterial.uasset" 8
"../../../Engine/Content/BasicShapes/Cone.uasset" 9
"../../../../../../GitHub/Astros/Content/Gameplay/Asteroids/PointyAsteroid.uasset" 10
"../../../../../../GitHub/Astros/Content/Gameplay/Asteroids/BaseAsteroidSpawner.uasset" 11
"../../../../../../GitHub/Astros/Content/Gameplay/Controls/PlayerActionEnum.uasset" 12
"../../../../../../GitHub/Astros/Content/Gameplay/Controls/PlayerActionStruct.uasset" 13
"../../../../../../GitHub/Astros/Content/Gameplay/Controls/MyPlayerController.uasset" 14
"../../../../../../GitHub/Astros/Content/Gameplay/Player/MyStaticCamera.uasset" 15
"../../../../../../GitHub/Astros/Content/Resources/Materials/Bullet_Mat.uasset" 16
"../../../../../../GitHub/Astros/Content/Resources/Materials/PointyBullet_MatInst.uasset" 17
"../../../../../../GitHub/Astros/Content/Resources/Meshes/SM_Cone.uasset" 18
"../../../../../../GitHub/Astros/Content/Gameplay/Player/Bullets/PointyBullet.uasset" 19
"../../../../../../GitHub/Astros/Content/Gameplay/Player/Weapons/MachineGun_Weapon.uasset" 20
"../../../../../../GitHub/Astros/Content/Resources/Materials/RegularBullet_MatInst.uasset" 21
"../../../../../../GitHub/Astros/Content/Resources/Meshes/SM_Bullet.uasset" 22
"../../../../../../GitHub/Astros/Content/Gameplay/Player/Bullets/RegularBullet.uasset" 23
"../../../../../../GitHub/Astros/Content/Gameplay/Player/Weapons/Mayhem_Weapon.uasset" 24
"../../../../../../GitHub/Astros/Content/Gameplay/Player/Weapons/Pistol_Weapon.uasset" 25
"../../../../../../GitHub/Astros/Content/Resources/Materials/ShotgunBullet_MatInst.uasset" 26
"../../../../../../GitHub/Astros/Content/Gameplay/Player/Bullets/ShotgunBullet.uasset" 27
"../../../../../../GitHub/Astros/Content/Gameplay/Player/Weapons/Shotgun_Weapon.uasset" 28
"../../../../../../GitHub/Astros/Content/General/AsteroidsGameInstance.uasset" 29
"../../../../../../GitHub/Astros/Content/General/MyBlueprintLibrary.uasset" 30
"../../../../../../GitHub/Astros/Content/Resources/Materials/Spaceship_Mat.uasset" 31
"../../../../../../GitHub/Astros/Content/Resources/Materials/Spaceship_Mat_Inst.uasset" 32
"../../../../../../GitHub/Astros/Content/Gameplay/Player/Spaceship_SpawnPoint.uasset" 33
"../../../../../../GitHub/Astros/Content/Gameplay/Gameplay_Mode.uasset" 34
"../../../../../../GitHub/Astros/Content/Gameplay/Player/GameOver_Widget.uasset" 35
"../../../../../../GitHub/Astros/Content/Gameplay/Player/timer/timerState.uasset" 36
"../../../../../../GitHub/Astros/Content/Gameplay/Player/Gameplay_Widget.uasset" 37
"../../../../../../GitHub/Astros/Content/Resources/Meshes/SM_Spaceship.uasset" 38
"../../../../../../GitHub/Astros/Content/Gameplay/Player/Spaceship_PlayerPawn.uasset" 39
"../../../../../../GitHub/Astros/Content/Gameplay/Player/timer/timer.uasset" 40
"../../../../../../GitHub/Astros/Content/Resources/Materials/ColorNoise_Mat.uasset" 41
"../../../../../../GitHub/Astros/Content/Resources/Materials/GreenNoise_MatInst.uasset" 42
"../../../../../../GitHub/Astros/Content/Resources/Materials/RedNoise_MatInst.uasset" 43
"../../../../../../GitHub/Astros/Content/Resources/Materials/RedOpaque_MatInst.uasset" 44
"../../../Engine/Content/Animation/DefaultAnimCurveCompressionSettings.uasset" 45
"../../../Engine/Content/ArtTools/RenderToTexture/Meshes/S_1_Unit_Plane.uasset" 46
"../../../Engine/Content/BasicShapes/Cylinder.uasset" 47
"../../../Engine/Content/BasicShapes/Plane.uasset" 48
"../../../Engine/Content/BasicShapes/Sphere.uasset" 49
"../../../Engine/Content/EditorLandscapeResources/DataLayer.uasset" 50
"../../../Engine/Content/EditorMaterials/GizmoMaterial.uasset" 51
"../../../Engine/Content/EditorMaterials/MAT_Groups_Toggle.uasset" 52
"../../../Engine/Content/EditorMaterials/MAT_Groups_Visibility.uasset" 53
"../../../Engine/Content/EditorMaterials/PreviewShadowIndicator.uasset" 54
"../../../Engine/Content/EditorMaterials/PreviewShadowIndicatorMaterial.uasset" 55
"../../../Engine/Content/EditorMaterials/MatineeGroups/MAT_ColorTrack.uasset" 56
"../../../Engine/Content/EditorMaterials/MatineeGroups/MAT_Groups_Anim.uasset" 57
"../../../Engine/Content/EditorMaterials/MatineeGroups/MAT_Groups_AudioMaster.uasset" 58
"../../../Engine/Content/EditorMaterials/MatineeGroups/MAT_Groups_Director.uasset" 59
"../../../Engine/Content/EditorMaterials/MatineeGroups/MAT_Groups_Event.uasset" 60
"../../../Engine/Content/EditorMaterials/MatineeGroups/MAT_Groups_Fade.uasset" 61
"../../../Engine/Content/EditorMaterials/MatineeGroups/MAT_Groups_Float.uasset" 62
"../../../Engine/Content/EditorMaterials/MatineeGroups/MAT_Groups_Move.uasset" 63
"../../../Engine/Content/EditorMaterials/MatineeGroups/MAT_Groups_Slomo.uasset" 64
"../../../Engine/Content/EditorMaterials/MatineeGroups/MAT_Groups_Sound.uasset" 65
"../../../Engine/Content/EditorMaterials/MatineeGroups/MAT_Groups_Vector.uasset" 66
"../../../Engine/Content/EditorMaterials/ParticleSystems/PSysThumbnail_NoImage.uasset" 67
"../../../Engine/Content/EditorMaterials/ParticleSystems/PSysThumbnail_OOD.uasset" 68
"../../../Engine/Content/EditorMaterials/Camera/CineMat.uasset" 69
"../../../Engine/Content/EditorMaterials/Camera/MI_CineMat_Rig.uasset" 70
"../../../Engine/Content/EditorMeshes/Camera/SM_CraneRig_Arm.uasset" 71
"../../../Engine/Content/EditorMeshes/Camera/SM_CraneRig_Base.uasset" 72
"../../../Engine/Content/EditorMeshes/Camera/SM_CraneRig_Body.uasset" 73
"../../../Engine/Content/EditorMeshes/Camera/SM_CraneRig_Mount.uasset" 74
"../../../Engine/Content/EditorMeshes/Camera/SM_RailRig_Mount.uasset" 75
"../../../Engine/Content/EditorMeshes/Camera/SM_RailRig_Track.uasset" 76
"../../../Engine/Content/EditorResources/BSPVertex.uasset" 77
"../../../Engine/Content/EditorResources/EmptyActor.uasset" 78
"../../../Engine/Content/EditorResources/S_Actor.uasset" 79
"../../../Engine/Content/EditorResources/S_Note.uasset" 80
"../../../Engine/Content/EditorResources/S_Solver.uasset" 81
"../../../Engine/Content/EditorResources/S_Trigger.uasset" 82
"../../../Engine/Content/EditorResources/LightIcons/S_LightError.uasset" 83
"../../../Engine/Content/EditorResources/SequenceRecorder/Countdown.uasset" 84
"../../../Engine/Content/EditorResources/SequenceRecorder/RecordingIndicator.uasset" 85
"../../../Engine/Content/EditorSounds/Notifications/CompileFailed.uasset" 86
"../../../Engine/Content/EditorSounds/Notifications/CompileFailed_Cue.uasset" 87
"../../../Engine/Content/EditorSounds/Notifications/CompileSuccess.uasset" 88
"../../../Engine/Content/EditorSounds/Notifications/CompileStart_Cue.uasset" 89
"../../../Engine/Content/EditorSounds/Notifications/CompileSuccess_Cue.uasset" 90
"../../../Engine/Content/EngineDamageTypes/DmgTypeBP_Environmental.uasset" 91
"../../../Engine/Content/EngineDebugMaterials/HeatmapGradient.uasset" 92
"../../../Engine/Content/EngineDebugMaterials/BoneWeightMaterial.uasset" 93
"../../../Engine/Content/EngineDebugMaterials/ClothMaterial.uasset" 94
"../../../Engine/Content/EngineDebugMaterials/ClothMaterial_WF.uasset" 95
"../../../Engine/Content/EngineDebugMaterials/DebugEditorMaterial.uasset" 96
"../../../Engine/Content/EngineDebugMaterials/DebugMeshMaterial.uasset" 97
"../../../Engine/Content/EngineDebugMaterials/GeomMaterial.uasset" 98
"../../../Engine/Content/EngineDebugMaterials/M_SimpleTranslucent.uasset" 99
"../../../Engine/Content/Functions/Engine_MaterialFunctions02/Utility/CameraDirectionVector.uasset" 100
"../../../Engine/Content/EngineDebugMaterials/VolumeToRender.uasset" 101
"../../../Engine/Content/EngineDebugMaterials/M_VolumeRenderSphereTracePP.uasset" 102
"../../../Engine/Content/EngineDebugMaterials/WireframeMaterial.uasset" 103
"../../../Engine/Content/EngineFonts/Faces/RobotoBold.uasset" 104
"../../../Engine/Content/EngineFonts/Faces/RobotoBoldItalic.uasset" 105
"../../../Engine/Content/EngineFonts/Faces/RobotoItalic.uasset" 106
"../../../Engine/Content/EngineFonts/Faces/RobotoLight.uasset" 107
"../../../Engine/Content/EngineFonts/Faces/RobotoRegular.uasset" 108
"../../../Engine/Content/EngineFonts/Roboto.uasset" 109
"../../../Engine/Content/EngineMaterials/BaseFlattenDiffuseMap.uasset" 110
"../../../Engine/Content/EngineMaterials/BaseFlattenEmissiveMap.uasset" 111
"../../../Engine/Content/EngineMaterials/BaseFlattenGrayscaleMap.uasset" 112
"../../../Engine/Content/EngineMaterials/BaseFlattenNormalMap.uasset" 113
"../../../Engine/Content/EngineMaterials/BaseFlattenMaterial.uasset" 114
"../../../Engine/Content/EngineMaterials/BlueNoise.uasset" 115
"../../../Engine/Content/EngineMaterials/DefaultBloomKernel.uasset" 116
"../../../Engine/Content/EngineMaterials/DefaultBokeh.uasset" 117
"../../../Engine/Content/EngineMaterials/DefaultDiffuse.uasset" 118
"../../../Engine/Content/EngineMaterials/DefaultDeferredDecalMaterial.uasset" 119
"../../../Engine/Content/EngineMaterials/DefaultLightFunctionMaterial.uasset" 120
"../../../Engine/Content/EngineMaterials/DefaultPhysicalMaterial.uasset" 121
"../../../Engine/Content/Functions/Engine_MaterialFunctions02/Utility/BreakOutFloat2Components.uasset" 122
"../../../Engine/Content/EngineMaterials/DefaultPostProcessMaterial.uasset" 123
"../../../Engine/Content/EngineFonts/RobotoDistanceField.uasset" 124
"../../../Engine/Content/EngineMaterials/DefaultTextMaterialOpaque.uasset" 125
"../../../Engine/Content/EngineMaterials/DefaultVirtualTextureMaterial.uasset" 126
"../../../Engine/Content/EngineMaterials/DefaultWhiteGrid.uasset" 127
"../../../Engine/Content/EngineMaterials/EditorBrushMaterial.uasset" 128
"../../../Engine/Content/EngineMaterials/DefaultWhiteGrid_Low.uasset" 129
"../../../Engine/Content/EngineMaterials/EmissiveMeshMaterial.uasset" 130
"../../../Engine/Content/EngineMaterials/Good64x64TilingNoiseHighFreq.uasset" 131
"../../../Engine/Content/EngineMaterials/MiniFont.uasset" 132
"../../../Engine/Content/EngineMaterials/InvalidLightmapSettings.uasset" 133
"../../../Engine/Content/EngineMaterials/M_InvalidLightmapSettings.uasset" 134
"../../../Engine/Content/Functions/Engine_MaterialFunctions02/WorldPositionOffset/CameraOffset.uasset" 135
"../../../Engine/Content/EngineMaterials/PhAT_JointLimitMaterial.uasset" 136
"../../../Engine/Content/EngineMaterials/PreintegratedSkinBRDF.uasset" 137
"../../../Engine/Content/EngineMaterials/RemoveSurfaceMaterial.uasset" 138
"../../../Engine/Content/EngineMaterials/WeightMapPlaceholderTexture.uasset" 139
"../../../Engine/Content/EngineResources/WhiteSquareTexture.uasset" 140
"../../../Engine/Content/EngineMaterials/Widget3DPassThrough.uasset" 141
"../../../Engine/Content/EngineMaterials/Widget3DPassThrough_Masked.uasset" 142
"../../../Engine/Content/EngineMaterials/Widget3DPassThrough_Opaque.uasset" 143
"../../../Engine/Content/EngineMaterials/Widget3DPassThrough_Masked_OneSided.uasset" 144
"../../../Engine/Content/EngineMaterials/Widget3DPassThrough_Opaque_OneSided.uasset" 145
"../../../Engine/Content/EngineMaterials/Widget3DPassThrough_Translucent.uasset" 146
"../../../Engine/Content/EngineMaterials/Widget3DPassThrough_Translucent_OneSided.uasset" 147
"../../../Engine/Content/EngineMeshes/Cylinder.uasset" 148
"../../../Engine/Content/EngineMeshes/Sphere.uasset" 149
"../../../Engine/Content/EngineResources/Black.uasset" 150
"../../../Engine/Content/EngineResources/DefaultTexture.uasset" 151
"../../../Engine/Content/EngineResources/DefaultTextureCube.uasset" 152
"../../../Engine/Content/EngineResources/DefaultVolumeTexture2D.uasset" 153
"../../../Engine/Content/EngineResources/DefaultVolumeTexture.uasset" 154
"../../../Engine/Content/EngineResources/GradientTexture0.uasset" 155
"../../../Engine/Content/EngineSounds/Master.uasset" 156
"../../../Engine/Content/Functions/Engine_MaterialFunctions01/Shading/ConvertFromDiffSpec.uasset" 157
"../../../Engine/Content/Functions/Engine_MaterialFunctions01/Shading/PowerToRoughness.uasset" 158
"../../../Engine/Content/Maps/Templates/Thumbnails/Default.uasset" 159
"../../../Engine/Content/Maps/Templates/Thumbnails/VR-Basic.uasset" 160
"../../../Engine/Content/MobileResources/T_MobileControls_texture.uasset" 161
"../../../Engine/Content/MobileResources/T_MobileMenu2.uasset" 162
"../../../Engine/Content/MobileResources/HUD/AnalogHat.uasset" 163
"../../../Engine/Content/MobileResources/HUD/VirtualJoystick_Background.uasset" 164
"../../../Engine/Content/MobileResources/HUD/VirtualJoystick_Thumb.uasset" 165
"../../../Engine/Content/MobileResources/HUD/DefaultVirtualJoysticks.uasset" 166
"../../../Engine/Content/MobileResources/HUD/LeftVirtualJoystickOnly.uasset" 167
"../../../Engine/Content/MobileResources/HUD/MobileHUDButton1_off.uasset" 168
"../../../Engine/Content/MobileResources/HUD/MobileHUDButton1_on.uasset" 169
"../../../Engine/Content/MobileResources/HUD/MobileHUDButton2_off.uasset" 170
"../../../Engine/Content/MobileResources/HUD/MobileHUDButton2_on.uasset" 171
"../../../Engine/Content/MobileResources/HUD/MobileHUDButton3.uasset" 172
"../../../Engine/Content/MobileResources/HUD/MobileHUDButtonFire.uasset" 173
"../../../Engine/Content/MobileResources/HUD/MobileHUDDirectionPad.uasset" 174
"../../../Engine/Content/MobileResources/HUD/MobileHUDDirectionPad2.uasset" 175
"../../../Engine/Content/MobileResources/HUD/MobileHUDDirectionPad3.uasset" 176
"../../../Engine/Content/MobileResources/HUD/MobileHUDDirectionStick.uasset" 177
"../../../Engine/Content/MobileResources/HUD/T_Castle_ThumbstickInner.uasset" 178
"../../../Engine/Content/MobileResources/HUD/T_Castle_ThumbstickOutter.uasset" 179
"../../../Engine/Content/Tutorial/ContentIntroCurve.uasset" 180
"../../../Engine/Content/Tutorial/Basics/LevelEditorAttract.uasset" 181
"../../../Engine/Content/Tutorial/Basics/TutorialAssets/icon_tab_Levels_40x.uasset" 182
"../../../Engine/Content/Tutorial/Basics/LevelEditorOverview.uasset" 183
"../../../Engine/Content/Tutorial/Foliage/TutorialAssets/Foliage.uasset" 184
"../../../Engine/Content/Tutorial/Foliage/Foliage_Intro_Tutorial.uasset" 185
"../../../Engine/Content/Tutorial/Foliage/Foliage_Settings_Tutorial.uasset" 186
"../../../Engine/Content/Tutorial/Foliage/Foliage_Using_The_Tool_Tutorial.uasset" 187
"../../../Engine/Content/VREditor/LaserPointer/VR_LaserPower_01.uasset" 188
"../../../Engine/Content/VREditor/TransformGizmo/TransformGizmoMaterial.uasset" 189
"../../../Engine/Content/VREditor/TransformGizmo/TranslucentTransformGizmoMaterial.uasset" 190
"../../../Engine/Content/VREditor/TransformGizmo/BoundingBoxCorner.uasset" 191
"../../../Engine/Content/VREditor/TransformGizmo/BoundingBoxEdge.uasset" 192
"../../../Engine/Content/VREditor/TransformGizmo/PlaneTranslationHandle.uasset" 193
"../../../Engine/Content/VREditor/TransformGizmo/Main.uasset" 194
"../../../Engine/Content/VREditor/TransformGizmo/Xray.uasset" 195
"../../../Engine/Content/VREditor/TransformGizmo/SM_Sequencer_Key.uasset" 196
"../../../Engine/Content/VREditor/TransformGizmo/SM_Sequencer_Node.uasset" 197
"../../Plugins/2D/Paper2D/Content/PlaceholderTextures/DummySpriteTexture.uasset" 198
"../../Plugins/2D/Paper2D/Content/DummySprite.uasset" 199
"../../Plugins/2D/Paper2D/Content/DefaultPaperTerrainMaterial.uasset" 200
"../../Plugins/2D/Paper2D/Content/DummySpriteTexture.uasset" 201
"../../Plugins/2D/Paper2D/Content/DefaultSpriteMaterial.uasset" 202
"../../Plugins/2D/Paper2D/Content/MaskedUnlitSpriteMaterial.uasset" 203
"../../Plugins/2D/Paper2D/Content/OpaqueUnlitSpriteMaterial.uasset" 204
"../../Plugins/Runtime/Oculus/OculusVR/Content/OculusMR_RenderTarget.uasset" 205
"../../../Engine/Content/Functions/Engine_MaterialFunctions02/Utility/BreakOutFloat4Components.uasset" 206
"../../../Engine/Content/Functions/Engine_MaterialFunctions02/Utility/MakeFloat2.uasset" 207
"../../../Engine/Content/Functions/Engine_MaterialFunctions02/Utility/MakeFloat3.uasset" 208
"../../Plugins/Runtime/Oculus/OculusVR/Content/Materials/OculusMR_ChromaKey.uasset" 209
"../../Plugins/Runtime/Oculus/OculusVR/Content/Materials/OculusMR_ChromaKey_Lit.uasset" 210
"../../Plugins/Runtime/Oculus/OculusVR/Content/Materials/OculusMR_OpaqueColoredMaterial.uasset" 211
"../../Plugins/Runtime/Oculus/OculusVR/Content/Materials/OculusMR_WhiteMaterial.uasset" 212
"../../../../../../GitHub/Astros/Content/Gameplay/Gameplay_ParentLevel.umap" 213
"../../../../../../GitHub/Astros/Content/Resources/Materials/BlueNoise_MatInst.uasset" 214
"../../../../../../GitHub/Astros/Content/Gameplay/Maps/SampleA_Level.umap" 215
"../../../Engine/Content/EngineFonts/Faces/RobotoTiny.uasset" 216
"../../../Engine/Content/EngineFonts/RobotoTiny.uasset" 217
"../../../../../../GitHub/Astros/Content/Menu/Menu_Widget.uasset" 218
"../../../../../../GitHub/Astros/Content/Menu/Menu_Mode.uasset" 219
"../../../../../../GitHub/Astros/Content/Menu/Menu_Level.umap" 220
"../../../Engine/Content/Maps/Entry_BuiltData.uasset" 221
"../../../Engine/Content/Maps/Entry.umap" 222
